\BOOKMARK [1][-]{section.1}{\376\377\000Z\000u\000s\000a\000m\000m\000e\000n\000b\000a\000u\000a\000n\000l\000e\000i\000t\000u\000n\000g}{}% 1
\BOOKMARK [2][-]{subsection.1.1}{\376\377\000E\000r\000l\000\344\000u\000t\000e\000r\000u\000n\000g\000\040\000z\000u\000\040\000B\000e\000g\000r\000i\000f\000f\000l\000i\000c\000h\000k\000e\000i\000t\000e\000n\000\040\000u\000n\000d\000\040\000V\000e\000r\000f\000a\000h\000r\000e\000n}{section.1}% 2
\BOOKMARK [2][-]{subsection.1.2}{\376\377\000G\000e\000t\000r\000i\000e\000b\000e\000w\000e\000l\000l\000e\000n\000,\000\040\000u\000n\000t\000e\000r\000e\000\040\000L\000a\000g\000e\000r\000\040\000u\000n\000d\000\040\000Z\000a\000h\000n\000r\000\344\000d\000e\000r\000\040\000s\000o\000w\000i\000e\000\040\000H\000a\000l\000t\000e\000r\000u\000n\000g}{section.1}% 3
\BOOKMARK [2][-]{subsection.1.3}{\376\377\000G\000e\000t\000r\000i\000e\000b\000e\000w\000e\000l\000l\000e\000n\000,\000\040\000m\000i\000t\000t\000l\000e\000r\000e\000\040\000Z\000a\000h\000n\000r\000\344\000d\000e\000r\000\040\000u\000n\000d\000\040\000H\000a\000l\000t\000e\000r\000u\000n\000g}{section.1}% 4
\BOOKMARK [2][-]{subsection.1.4}{\376\377\000O\000b\000e\000r\000e\000\040\000Z\000a\000h\000n\000r\000\344\000d\000e\000r\000\040\000u\000n\000d\000\040\000R\000o\000t\000o\000r\000h\000o\000h\000l\000w\000e\000l\000l\000e}{section.1}% 5
\BOOKMARK [2][-]{subsection.1.5}{\376\377\000Z\000u\000s\000a\000m\000m\000e\000n\000b\000a\000u\000\040\000d\000e\000s\000\040\000G\000e\000h\000\344\000u\000s\000e\000s\000\040\000u\000n\000d\000\040\000I\000n\000s\000t\000a\000l\000l\000a\000t\000i\000o\000n\000\040\000d\000e\000s\000\040\000G\000e\000t\000r\000i\000e\000b\000e\000s}{section.1}% 6
\BOOKMARK [2][-]{subsection.1.6}{\376\377\000M\000o\000n\000t\000a\000g\000e\000\040\000a\000u\000f\000\040\000d\000e\000r\000\040\000B\000o\000d\000e\000n\000p\000l\000a\000t\000t\000e}{section.1}% 7
\BOOKMARK [1][-]{section.2}{\376\377\000B\000a\000u\000t\000e\000i\000l\000e}{}% 8
\BOOKMARK [2][-]{subsection.2.1}{\376\377\000P\000a\000y\000l\000o\000a\000d\000s\000i\000m\000u\000l\000a\000t\000o\000r}{section.2}% 9
\BOOKMARK [3][-]{subsubsection.2.1.1}{\376\377\000K\000o\000s\000t\000e\000n\000a\000b\000s\000c\000h\000\344\000t\000z\000u\000n\000g}{subsection.2.1}% 10
\BOOKMARK [2][-]{subsection.2.2}{\376\377\000Z\000a\000h\000n\000r\000a\000d\000,\000\040\000u\000n\000t\000e\000n\000,\000\040\000M\000i\000t\000t\000e}{section.2}% 11
\BOOKMARK [3][-]{subsubsection.2.2.1}{\376\377\000K\000o\000s\000t\000e\000n\000a\000b\000s\000c\000h\000\344\000t\000z\000u\000n\000g}{subsection.2.2}% 12
\BOOKMARK [3][-]{subsubsection.2.2.2}{\376\377\000G\000e\000w\000i\000c\000h\000t\000s\000a\000b\000s\000c\000h\000\344\000t\000z\000u\000n\000g}{subsection.2.2}% 13
\BOOKMARK [2][-]{subsection.2.3}{\376\377\000Z\000a\000h\000n\000r\000a\000d\000,\000\040\000u\000n\000t\000e\000n\000,\000\040\000a\000u\000\337\000e\000n}{section.2}% 14
\BOOKMARK [3][-]{subsubsection.2.3.1}{\376\377\000K\000o\000s\000t\000e\000n\000a\000b\000s\000c\000h\000\344\000t\000z\000u\000n\000g}{subsection.2.3}% 15
\BOOKMARK [3][-]{subsubsection.2.3.2}{\376\377\000G\000e\000w\000i\000c\000h\000t\000s\000a\000b\000s\000c\000h\000\344\000t\000z\000u\000n\000g}{subsection.2.3}% 16
\BOOKMARK [2][-]{subsection.2.4}{\376\377\000Z\000a\000h\000n\000r\000a\000d\000,\000\040\000o\000b\000e\000n\000,\000\040\000a\000u\000\337\000e\000n}{section.2}% 17
\BOOKMARK [3][-]{subsubsection.2.4.1}{\376\377\000K\000o\000s\000t\000e\000n\000a\000b\000s\000c\000h\000\344\000t\000z\000u\000n\000g}{subsection.2.4}% 18
\BOOKMARK [3][-]{subsubsection.2.4.2}{\376\377\000G\000e\000w\000i\000c\000h\000t\000s\000a\000b\000s\000c\000h\000\344\000t\000z\000u\000n\000g}{subsection.2.4}% 19
\BOOKMARK [2][-]{subsection.2.5}{\376\377\000Z\000a\000h\000n\000r\000a\000d\000,\000\040\000u\000n\000t\000e\000n\000,\000\040\000i\000n\000n\000e\000n}{section.2}% 20
\BOOKMARK [3][-]{subsubsection.2.5.1}{\376\377\000K\000o\000s\000t\000e\000n\000a\000b\000s\000c\000h\000\344\000t\000z\000u\000n\000g}{subsection.2.5}% 21
\BOOKMARK [3][-]{subsubsection.2.5.2}{\376\377\000G\000e\000w\000i\000c\000h\000t\000s\000a\000b\000s\000c\000h\000\344\000t\000z\000u\000n\000g}{subsection.2.5}% 22
\BOOKMARK [2][-]{subsection.2.6}{\376\377\000G\000e\000t\000r\000i\000e\000b\000e\000w\000e\000l\000l\000e\000,\000\040\000i\000n\000n\000e\000n}{section.2}% 23
\BOOKMARK [3][-]{subsubsection.2.6.1}{\376\377\000K\000o\000s\000t\000e\000n\000a\000b\000s\000c\000h\000\344\000t\000z\000u\000n\000g}{subsection.2.6}% 24
\BOOKMARK [3][-]{subsubsection.2.6.2}{\376\377\000G\000e\000w\000i\000c\000h\000t\000s\000a\000b\000s\000c\000h\000\344\000t\000z\000u\000n\000g}{subsection.2.6}% 25
\BOOKMARK [2][-]{subsection.2.7}{\376\377\000G\000e\000t\000r\000i\000e\000b\000e\000w\000e\000l\000l\000e\000,\000\040\000a\000u\000\337\000e\000n}{section.2}% 26
\BOOKMARK [3][-]{subsubsection.2.7.1}{\376\377\000K\000o\000s\000t\000e\000n\000a\000b\000s\000c\000h\000\344\000t\000z\000u\000n\000g}{subsection.2.7}% 27
\BOOKMARK [3][-]{subsubsection.2.7.2}{\376\377\000G\000e\000w\000i\000c\000h\000t\000s\000a\000b\000s\000c\000h\000\344\000t\000z\000u\000n\000g}{subsection.2.7}% 28
\BOOKMARK [2][-]{subsection.2.8}{\376\377\000R\000o\000t\000o\000r\000v\000o\000l\000l\000w\000e\000l\000l\000e}{section.2}% 29
\BOOKMARK [3][-]{subsubsection.2.8.1}{\376\377\000K\000o\000s\000t\000e\000n\000a\000b\000s\000c\000h\000\344\000t\000z\000u\000n\000g}{subsection.2.8}% 30
\BOOKMARK [3][-]{subsubsection.2.8.2}{\376\377\000G\000e\000w\000i\000c\000h\000t\000s\000a\000b\000s\000c\000h\000\344\000t\000z\000u\000n\000g}{subsection.2.8}% 31
\BOOKMARK [2][-]{subsection.2.9}{\376\377\000R\000o\000t\000o\000r\000h\000o\000h\000l\000w\000e\000l\000l\000e}{section.2}% 32
\BOOKMARK [3][-]{subsubsection.2.9.1}{\376\377\000K\000o\000s\000t\000e\000n\000a\000b\000s\000c\000h\000\344\000t\000z\000u\000n\000g}{subsection.2.9}% 33
\BOOKMARK [3][-]{subsubsection.2.9.2}{\376\377\000G\000e\000w\000i\000c\000h\000t\000s\000a\000b\000s\000c\000h\000\344\000t\000z\000u\000n\000g}{subsection.2.9}% 34
\BOOKMARK [2][-]{subsection.2.10}{\376\377\000G\000e\000h\000\344\000u\000s\000e\000t\000e\000i\000l\000\040\0001}{section.2}% 35
\BOOKMARK [3][-]{subsubsection.2.10.1}{\376\377\000K\000o\000s\000t\000e\000n\000a\000b\000s\000c\000h\000\344\000t\000z\000u\000n\000g}{subsection.2.10}% 36
\BOOKMARK [3][-]{subsubsection.2.10.2}{\376\377\000G\000e\000w\000i\000c\000h\000t\000s\000a\000b\000s\000c\000h\000\344\000t\000z\000u\000n\000g}{subsection.2.10}% 37
\BOOKMARK [2][-]{subsection.2.11}{\376\377\000G\000e\000h\000\344\000u\000s\000e\000t\000e\000i\000l\000\040\0002}{section.2}% 38
\BOOKMARK [3][-]{subsubsection.2.11.1}{\376\377\000K\000o\000s\000t\000e\000n\000a\000b\000s\000c\000h\000\344\000t\000z\000u\000n\000g}{subsection.2.11}% 39
\BOOKMARK [3][-]{subsubsection.2.11.2}{\376\377\000G\000e\000w\000i\000c\000h\000t\000s\000a\000b\000s\000c\000h\000\344\000t\000z\000u\000n\000g}{subsection.2.11}% 40
\BOOKMARK [2][-]{subsection.2.12}{\376\377\000G\000e\000h\000\344\000u\000s\000e\000p\000l\000a\000t\000t\000e\000\040\0001}{section.2}% 41
\BOOKMARK [3][-]{subsubsection.2.12.1}{\376\377\000K\000o\000s\000t\000e\000n\000a\000b\000s\000c\000h\000\344\000t\000z\000u\000n\000g}{subsection.2.12}% 42
\BOOKMARK [3][-]{subsubsection.2.12.2}{\376\377\000G\000e\000w\000i\000c\000h\000t\000s\000a\000b\000s\000c\000h\000\344\000t\000z\000u\000n\000g}{subsection.2.12}% 43
\BOOKMARK [2][-]{subsection.2.13}{\376\377\000G\000e\000h\000\344\000u\000s\000e\000p\000l\000a\000t\000t\000e\000\040\0002}{section.2}% 44
\BOOKMARK [3][-]{subsubsection.2.13.1}{\376\377\000K\000o\000s\000t\000e\000n\000a\000b\000s\000c\000h\000\344\000t\000z\000u\000n\000g}{subsection.2.13}% 45
\BOOKMARK [3][-]{subsubsection.2.13.2}{\376\377\000G\000e\000w\000i\000c\000h\000t\000s\000a\000b\000s\000c\000h\000\344\000t\000z\000u\000n\000g}{subsection.2.13}% 46
\BOOKMARK [2][-]{subsection.2.14}{\376\377\000G\000e\000h\000\344\000u\000s\000e\000p\000l\000a\000t\000t\000e\000\040\0003}{section.2}% 47
\BOOKMARK [3][-]{subsubsection.2.14.1}{\376\377\000K\000o\000s\000t\000e\000n\000a\000b\000s\000c\000h\000\344\000t\000z\000u\000n\000g}{subsection.2.14}% 48
\BOOKMARK [3][-]{subsubsection.2.14.2}{\376\377\000G\000e\000w\000i\000c\000h\000t\000s\000a\000b\000s\000c\000h\000\344\000t\000z\000u\000n\000g}{subsection.2.14}% 49
\BOOKMARK [2][-]{subsection.2.15}{\376\377\000G\000e\000h\000\344\000u\000s\000e\000p\000l\000a\000t\000t\000e\000\040\0004}{section.2}% 50
\BOOKMARK [3][-]{subsubsection.2.15.1}{\376\377\000K\000o\000s\000t\000e\000n\000a\000b\000s\000c\000h\000\344\000t\000z\000u\000n\000g}{subsection.2.15}% 51
\BOOKMARK [3][-]{subsubsection.2.15.2}{\376\377\000G\000e\000w\000i\000c\000h\000t\000s\000a\000b\000s\000c\000h\000\344\000t\000z\000u\000n\000g}{subsection.2.15}% 52
\BOOKMARK [2][-]{subsection.2.16}{\376\377\000G\000e\000h\000\344\000u\000s\000e\000p\000l\000a\000t\000t\000e\000\040\0005}{section.2}% 53
\BOOKMARK [3][-]{subsubsection.2.16.1}{\376\377\000K\000o\000s\000t\000e\000n\000a\000b\000s\000c\000h\000\344\000t\000z\000u\000n\000g}{subsection.2.16}% 54
\BOOKMARK [3][-]{subsubsection.2.16.2}{\376\377\000G\000e\000w\000i\000c\000h\000t\000s\000a\000b\000s\000c\000h\000\344\000t\000z\000u\000n\000g}{subsection.2.16}% 55
\BOOKMARK [2][-]{subsection.2.17}{\376\377\000G\000e\000h\000\344\000u\000s\000e\000p\000l\000a\000t\000t\000e\000\040\0006}{section.2}% 56
\BOOKMARK [3][-]{subsubsection.2.17.1}{\376\377\000K\000o\000s\000t\000e\000n\000a\000b\000s\000c\000h\000\344\000t\000z\000u\000n\000g}{subsection.2.17}% 57
\BOOKMARK [3][-]{subsubsection.2.17.2}{\376\377\000G\000e\000w\000i\000c\000h\000t\000s\000a\000b\000s\000c\000h\000\344\000t\000z\000u\000n\000g}{subsection.2.17}% 58
\BOOKMARK [2][-]{subsection.2.18}{\376\377\000G\000e\000h\000\344\000u\000s\000e\000p\000l\000a\000t\000t\000e\000\040\0007}{section.2}% 59
\BOOKMARK [3][-]{subsubsection.2.18.1}{\376\377\000K\000o\000s\000t\000e\000n\000a\000b\000s\000c\000h\000\344\000t\000z\000u\000n\000g}{subsection.2.18}% 60
\BOOKMARK [3][-]{subsubsection.2.18.2}{\376\377\000G\000e\000w\000i\000c\000h\000t\000s\000a\000b\000s\000c\000h\000\344\000t\000z\000u\000n\000g}{subsection.2.18}% 61
\BOOKMARK [2][-]{subsection.2.19}{\376\377\000G\000e\000h\000\344\000u\000s\000e\000p\000l\000a\000t\000t\000e\000\040\0008}{section.2}% 62
\BOOKMARK [3][-]{subsubsection.2.19.1}{\376\377\000K\000o\000s\000t\000e\000n\000a\000b\000s\000c\000h\000\344\000t\000z\000u\000n\000g}{subsection.2.19}% 63
\BOOKMARK [3][-]{subsubsection.2.19.2}{\376\377\000G\000e\000w\000i\000c\000h\000t\000s\000a\000b\000s\000c\000h\000\344\000t\000z\000u\000n\000g}{subsection.2.19}% 64
\BOOKMARK [2][-]{subsection.2.20}{\376\377\000D\000e\000c\000k\000e\000l}{section.2}% 65
\BOOKMARK [3][-]{subsubsection.2.20.1}{\376\377\000K\000o\000s\000t\000e\000n\000a\000b\000s\000c\000h\000\344\000t\000z\000u\000n\000g}{subsection.2.20}% 66
\BOOKMARK [3][-]{subsubsection.2.20.2}{\376\377\000G\000e\000w\000i\000c\000h\000t\000s\000a\000b\000s\000c\000h\000\344\000t\000z\000u\000n\000g}{subsection.2.20}% 67
\BOOKMARK [2][-]{subsection.2.21}{\376\377\000R\000\374\000c\000k\000w\000a\000n\000d}{section.2}% 68
\BOOKMARK [3][-]{subsubsection.2.21.1}{\376\377\000K\000o\000s\000t\000e\000n\000a\000b\000s\000c\000h\000\344\000t\000z\000u\000n\000g}{subsection.2.21}% 69
\BOOKMARK [3][-]{subsubsection.2.21.2}{\376\377\000G\000e\000w\000i\000c\000h\000t\000s\000a\000b\000s\000c\000h\000\344\000t\000z\000u\000n\000g}{subsection.2.21}% 70
\BOOKMARK [2][-]{subsection.2.22}{\376\377\000S\000t\000\374\000t\000z\000e\000\040\0001}{section.2}% 71
\BOOKMARK [3][-]{subsubsection.2.22.1}{\376\377\000K\000o\000s\000t\000e\000n\000a\000b\000s\000c\000h\000\344\000t\000z\000u\000n\000g}{subsection.2.22}% 72
\BOOKMARK [3][-]{subsubsection.2.22.2}{\376\377\000G\000e\000w\000i\000c\000h\000t\000s\000a\000b\000s\000c\000h\000\344\000t\000z\000u\000n\000g}{subsection.2.22}% 73
\BOOKMARK [2][-]{subsection.2.23}{\376\377\000A\000u\000f\000b\000a\000u\000\040\000H\000o\000r\000i\000z\000o\000n\000t\000a\000l\000v\000e\000r\000b\000i\000n\000d\000u\000n\000g\000e\000n}{section.2}% 74
\BOOKMARK [3][-]{subsubsection.2.23.1}{\376\377\000K\000o\000s\000t\000e\000n\000a\000b\000s\000c\000h\000\344\000t\000z\000u\000n\000g}{subsection.2.23}% 75
\BOOKMARK [3][-]{subsubsection.2.23.2}{\376\377\000G\000e\000w\000i\000c\000h\000t\000s\000a\000b\000s\000c\000h\000\344\000t\000z\000u\000n\000g}{subsection.2.23}% 76
\BOOKMARK [2][-]{subsection.2.24}{\376\377\000S\000t\000\374\000t\000z\000e\000\040\0002}{section.2}% 77
\BOOKMARK [3][-]{subsubsection.2.24.1}{\376\377\000K\000o\000s\000t\000e\000n\000a\000b\000s\000c\000h\000\344\000t\000z\000u\000n\000g}{subsection.2.24}% 78
\BOOKMARK [3][-]{subsubsection.2.24.2}{\376\377\000G\000e\000w\000i\000c\000h\000t\000s\000a\000b\000s\000c\000h\000\344\000t\000z\000u\000n\000g}{subsection.2.24}% 79
\BOOKMARK [2][-]{subsection.2.25}{\376\377\000L\000a\000n\000d\000e\000b\000e\000i\000n\000e}{section.2}% 80
\BOOKMARK [3][-]{subsubsection.2.25.1}{\376\377\000K\000o\000s\000t\000e\000n\000a\000b\000s\000c\000h\000\344\000t\000z\000u\000n\000g}{subsection.2.25}% 81
\BOOKMARK [3][-]{subsubsection.2.25.2}{\376\377\000G\000e\000w\000i\000c\000h\000t\000s\000a\000b\000s\000c\000h\000\344\000t\000z\000u\000n\000g}{subsection.2.25}% 82
\BOOKMARK [2][-]{subsection.2.26}{\376\377\000P\000i\000n}{section.2}% 83
\BOOKMARK [3][-]{subsubsection.2.26.1}{\376\377\000K\000o\000s\000t\000e\000n\000a\000b\000s\000c\000h\000\344\000t\000z\000u\000n\000g}{subsection.2.26}% 84
\BOOKMARK [3][-]{subsubsection.2.26.2}{\376\377\000G\000e\000w\000i\000c\000h\000t\000s\000a\000b\000s\000c\000h\000\344\000t\000z\000u\000n\000g}{subsection.2.26}% 85
\BOOKMARK [2][-]{subsection.2.27}{\376\377\000S\000i\000c\000h\000e\000r\000u\000n\000g\000s\000p\000i\000n}{section.2}% 86
\BOOKMARK [3][-]{subsubsection.2.27.1}{\376\377\000K\000o\000s\000t\000e\000n\000a\000b\000s\000c\000h\000\344\000t\000z\000u\000n\000g}{subsection.2.27}% 87
\BOOKMARK [3][-]{subsubsection.2.27.2}{\376\377\000G\000e\000w\000i\000c\000h\000t\000s\000a\000b\000s\000c\000h\000\344\000t\000z\000u\000n\000g}{subsection.2.27}% 88
